--------
--------
--------
---BW---
---WB---
--------
--------
--------
--------
--------
--------
---BW---
---WB---
----B---
--------
--------
--------
--------
--------
---BWW--
---WB---
----B---
--------
--------
--------
--------
---B----
---BWW--
---WB---
----B---
--------
--------
--------
--------
---B----
--WWWW--
---WB---
----B---
--------
--------
--------
--------
--BB----
--WBWW--
---WB---
----B---
--------
--------
--------
--------
--BB----
--WBWW--
---WW---
---WB---
--------
--------
--------
--------
--BBB---
--WBBW--
---WB---
---WB---
--------
--------
--------
--------
--BBB---
--WBBW--
---WB---
---WWW--
--------
--------
--------
--------
-BBBB---
--WBBW--
---WB---
---WWW--
--------
--------
--------
----W---
-BBWW---
--WBWW--
---WW---
---WWW--
--------
--------
--------
----W---
-BBWW---
--WBBBB-
---WW---
---WWW--
--------
--------
--------
----W---
WWWWW---
--WBBBB-
---WW---
---WWW--
--------
--------
--------
---BW---
WWWBB---
--WBBBB-
---WW---
---WWW--
--------
--------
--------
---BW---
WWWBB---
--WBBBB-
--WWW---
---WWW--
--------
--------
--------
---BW---
WWWBB---
--WBBBB-
--WWB---
---WBW--
----B---
--------
--------
---BWW--
WWWBW---
--WWBBB-
--WWB---
---WBW--
----B---
--------
--------
---BWW--
WWBBW---
-BBBBBB-
--BWB---
---BBW--
----B---
--------
--------
---BWW--
WWBBW---
-WBBBBB-
--WWB---
---WBW--
----W---
-----W--
--B-----
---BWW--
WWBBW---
-WBBBBB-
--WWB---
---WBW--
----W---
-----W--
--B-----
---BWW--
WWBBW---
-WBBBBB-
--WWB---
---WBWW-
----W---
-----W--
--B-----
---BWW--
WWBBBB--
-WBBBBB-
--WWB---
---WBWW-
----W---
-----W--
--B-----
W--BWW--
WWBBBB--
-WBBBBB-
--WWB---
---WBWW-
----W---
-----W--
--B-----
W--BWW--
WWBBBB--
-WBBBBB-
--WBB---
---BBWW-
---BW---
-----W--
--B-----
W-WWWW--
WWWBBB--
-WWBBBB-
--WBB---
---BBWW-
---BW---
-----W--
--B-----
W-WWWW--
WWWBBB--
-WWBBBB-
--WBB---
---BBBW-
---BW-B-
-----W--
--B-----
W-WWWW--
WWWBBB--
WWWBBBB-
--WBB---
---BBBW-
---BW-B-
-----W--
--B-----
W-WWWW--
WWWBBB--
WWWBBBB-
--WBB---
---BBBW-
---BB-B-
---B-W--
--B-W---
W-WWWW--
WWWBBB--
WWWBBBB-
--WBB---
---BBBW-
---BB-B-
---B-W--
--BBW---
W-WBBW--
WWWBBB--
WWWBBBB-
--WBB---
---BBBW-
---BB-B-
---B-W--
--BBW---
W-WBBW--
WWWBBB--
WWWBBBB-
--WBB---
---BBBW-
---BB-B-
-W-B-W--
--BBW---
W-WBBW--
WWWBBB--
WWBBBBB-
-BBBB---
---BBBW-
---BB-B-
-W-B-W--
--BBW---
W-WBBW--
WWWBWB--
WWBWBBB-
-WWBB---
-W-BBBW-
---BB-B-
-W-B-W--
--BBW---
W-WBBW--
WWWBWB--
WWBWBBB-
-WWBB-B-
-W-BBBB-
---BB-B-
-W-B-W--
--BBW---
W-WBBW--
WWWWWW--
WWBWWWB-
-WWWWWB-
-W-BBBB-
---BB-B-
-W-B-W--
--BBW---
W-WBBW--
WWWWWW--
WWBWWWB-
-WWWWWB-
-W-BBBB-
---BB-B-
-W-B-W-B
--BBW---
W-WBBW--
WWWWWW--
WWBWWWB-
-WWWWWB-
WW-BBBB-
---BB-B-
-W-B-W-B
--BBW---
W-WBBW--
WWWWWW--
WWBWWWB-
-WBWWWB-
WWBBBBB-
---BB-B-
-W-B-W-B
--BBW---
W-WBBW--
WWWWWW--
WWBWWWB-
-WBWWWB-
WWBBWWB-
---BBWB-
-W-B-W-B
--BBW---
W-WBBBB-
WWWWWB--
WWBWBWB-
-WBBWWB-
WWBBWWB-
---BBWB-
-W-B-W-B
--BBW---
W-WBBBB-
WWWWWB--
WWBWBWB-
WWBBWWB-
WWBBWWB-
---BBWB-
-W-B-W-B
--BBW---
W-WBBBB-
WWWWWB--
WWBWBWB-
WWBBWWB-
WWBBWWB-
---BBBB-
-W-BBW-B
--BBW---
W-WBBWB-
WWWWWWW-
WWBWBWB-
WWBBWWB-
WWBBWWB-
---BBBB-
-W-BBW-B
--BBW---
W-WBBWB-
WWWWWWW-
WWBWBWB-
WWBBWWB-
WWBBWWB-
-B-BBBB-
-W-BBW-B
--BBW---
W-WBBWB-
WWWWWWW-
WWBWBWB-
WWBBWWB-
WWBBWWB-
-W-WBBB-
-WWWWW-B
--BBW---
W-WBBWBB
WWWWWWB-
WWBWBBB-
WWBBBWB-
WWBBWWB-
-W-WBBB-
-WWWWW-B
--BBW---
W-WBBWBB
WWWWWWWW
WWBWBBW-
WWBBBWB-
WWBBWWB-
-W-WBBB-
-WWWWW-B
--BBW---
W-WBBWBB
WWWWWWWW
WWBWBBW-
WWBBBWB-
WWBBWWBB
-W-WBBB-
-WWWWW-B
--BBW---
W-WBBWBB
WWWWWWWW
WWBWBBW-
WWBBBWW-
WWBBWWWB
-W-WBWW-
-WWWWWWB
--BBW---
W-WBBWBB
WWWWWWWW
WWBWBBW-
WWBBBWW-
WWBBWWWB
-B-WBWW-
BBBBBBBB
W-BBW---
W-WBBWBB
WWWWWWWW
WWBWBBW-
WWBBBWW-
WWBBWWWB
-B-WBWW-
BBBBBBBB
WBBBW---
W-BBBWBB
WWWBWWWW
WWBWBBW-
WWBBBWW-
WWBBWWWB
-B-WBWW-
BBBBBBBB
WBBBW-W-
W-BBBWWB
WWWBWWWW
WWBWBBW-
WWBBBWW-
WWBBWWWB
-B-WBWW-
BBBBBBBB
WBBBW-W-
W-BBBWWB
WWWBWWWB
WWBWBBBB
WWBBBWB-
WWBBWBWB
-B-WBWW-
BBBBBBBB
WBBBW-W-
W-BBBWWB
WWWBWWWB
WWBWBBBB
WWBBBWB-
WWBBWBWB
WB-WBWW-
BBBBBBBB
WBBBW-W-
W-BBBWWB
WWWBWWWB
WWBWBBBB
WWBBBBB-
WWBBWBBB
WB-WBBBB
BBBBBBBB
WBBBW-WW
W-BBBWWB
WWWBWWWB
WWBWBBBB
WWBBBBB-
WWBBWBBB
WB-WBBBB
BBBBBBBB
----
-BW-
-WB-
----
-B--
-BW-
-WB-
----
-B--
-BW-
-WB-
---W
BB--
-BW-
-WB-
---W
BB--
-BW-
-WB-
-W-W
BB--
BBW-
-WB-
-W-W
BB--
BBW-
-WWW
-W-W
BB-B
BBW-
-WWW
-W-W
BB-B
BBW-
-WWW
-WWW
BBBB
BBW-
-WWW
-WWW
BBBB
BBW-
-WWW
WWWW
------------
------------
------------
------------
------------
-----BW-----
-----WB-----
------------
------------
------------
------------
------------
------------
------------
------------
------------
------------
----BBW-----
-----WB-----
------------
------------
------------
------------
------------
------------
------------
------------
-----W------
------------
----BBW-----
-----WB-----
------------
------------
------------
------------
------------
------------
------------
---B--------
-----W------
------------
----BBW-----
-----WB-----
------------
------------
------------
------------
------------
------------
------------
---B--------
--W--W------
------------
----BBW-----
-----WB-----
------------
------------
------------
------------
------------
------------
------------
--BB--------
--W--W------
------------
----BBW-----
-----WB-----
------------
------------
------------
------------
------------
------------
------------
--BB--------
--W--W------
------------
---WWWW-----
-----WB-----
------------
------------
------------
------------
------------
------------
------------
--BBB-------
--W--W------
------------
---WWWW-----
-----WB-----
------------
------------
------------
------------
------------
------------
------------
-WBBB-------
--W--W------
------------
---WWWW-----
-----WB-----
------------
------------
------------
------------
------------
------------
----B-------
-WBBB-------
--W--W------
------------
---WWWW-----
-----WB-----
------------
------------
------------
------------
------------
------------
----B-------
-WBBB-------
--W--WW-----
------------
---WWWW-----
-----WB-----
------------
------------
------------
------------
------------
------------
----B-------
-WBBB-------
--W--WW-----
------------
---WWWW-----
-----WB-----
------------
------------
------------
------------
B-----------
------------
---WB-------
-WBBW-------
--W--WW-----
------------
---WWWW-----
-----WB-----
------------
------------
------------
------------
B-----------
------------
---WB-------
-WBBW-------
--B--WW-----
--B---------
---WWWW-----
-----WB-----
------------
------------
------------
------------
B-----------
------------
---WB-------
-WBBWW------
--B--WW-----
--B---------
---WWWW-----
-----WB-----
------------
------------
------------
------------
B-----------
------------
---WB-------
-WBBWW------
--B--WW-----
--B---------
---WWWW-----
-----WB-----
---B--------
------------
------------
------------
B-----------
----W-------
---WW-------
-WBBWW------
--B--WW-----
--B---------
---WWWW-----
-----WB-----
---B--------
------------
------------
------------
B-----------
---BW-------
---BW-------
-WBBWW------
--B--WW-----
--B---------
---WWWW-----
-----WB-----
---B--------
------------
------------
------------
B-----------
---BW-------
---BW-------
-WBBWW------
--B--WW-----
--B---------
---WWWW-----
-----WB-----
-W-B--------
------------
------------
------------
B-----------
---BW-------
---BW-------
-WBBWW------
--B--WW-----
-BB---------
---WWWW-----
-----WB-----
-W-B--------
------------
------------
------------
B-----------
---BW-------
---BW-------
-WBBWW------
--B--WW-----
-BB---------
-W-WWWW-----
-----WB-----
-W-B--------
------------
------------
------------
B-----------
---BW-------
---BW-------
-WBBWW------
--B--WW-----
-BB---------
-W-BWWW-----
----BBB-----
-W-B--------
------------
------------
------------
B-----------
---BW-------
---BWW------
-WBBWW------
--B--WW-----
-BB---------
-W-BWWW-----
----BBB-----
-W-B--------
------------
------------
------------
B-----------
---BW-------
---BWW------
-WBBWW------
-BB--WW-----
-BB---------
-W-BWWW-----
----BBB-----
-W-B--------
------------
------------
------------
B-----------
---BW-------
---BWW------
-WBBWW------
-BB--WW-----
-BB---------
-W-BWWW-----
----BWB-----
-W-B-W------
------------
------------
------------
B-----------
---BBB------
---BBW------
-WBBWW------
-BB--WW-----
-BB---------
-W-BWWW-----
----BWB-----
-W-B-W------
------------
------------
------------
B-----------
---BBB------
-W-BBW------
-WBBWW------
-BB--WW-----
-BB---------
-W-BWWW-----
----BWB-----
-W-B-W------
------------
------------
------------
B-----------
---BBB------
-W-BBW------
-WBBWW------
-BB--WW-----
-BB---------
-W-BWWW-----
--B-BWB-----
-W-B-W------
------------
------------
------------
B-----------
--WBBB------
-W-WBW------
-WBBWW------
-BB--WW-----
-BB---------
-W-BWWW-----
--B-BWB-----
-W-B-W------
------------
------------
------------
B-----------
--WBBB------
-W-WBW------
-WBBWW------
-BB--WW--B--
-BB---------
-W-BWWW-----
--B-BWB-----
-W-B-W------
------------
------------
------------
B-----------
--WBBB------
-W-WBW------
-WBBWW------
-BB--WW--B--
-BB---------
-W-BWWW-----
--BWWWB-----
-W-B-W------
------------
------------
------------
B-----------
--WBBB------
-WBBBW------
-WBBWW------
-BB--WW--B--
-BB---------
-W-BWWW-----
--BWWWB-----
-W-B-W------
------------
------------
------------
B-----------
--WBBB------
-WBBBW------
-WBBWW------
-BB--WW--B--
-BB---------
-W-BWWW-----
--BWWWB-----
-W-B-W------
------------
------------
----------W-
B-----------
--WBBB------
-WBBBW------
-WBBWB------
-BB--WB--B--
-BB----B----
-W-BWWW-----
--BWWWB-----
-W-B-W------
------------
------------
----------W-
B-----------
--WBBB------
-WBBBW------
-WBBWB------
-BB--WB--B--
-BB---WB----
-W-BWWW-----
--BWWWB-----
-W-B-W------
------------
------------
----------W-
B-----------
--WBBB------
-WBBBW------
-WBBWB------
-BB--BB--B--
-BB--BBB----
-W-BWWW-----
--BWWWB-----
-W-B-W------
------------
------------
----------W-
B-----------
--WBBB------
-WBBBW------
-WBBWB------
-BB--BB--B--
-BB--BBB----
-W-BWWW-----
--BWWWW-----
-W-B-W-W----
------------
------------
----------W-
B-----------
--WBBB------
-WBBBW------
-WBBWB------
-BB--BB--B--
-BB--BBB----
BW-BWWW-----
--BWWWW-----
-W-B-W-W----
------------
------------
----------W-
B-----------
--WBBB------
-WWBBW------
-WWBWB------
-BW--BB--B--
-BW--BBB----
BWWWWWW-----
--BWWWW-----
-W-B-W-W----
------------
------------
----------W-
B-----------
--WBBB------
-WWBBBB-----
-WWBWB------
-BW--BB--B--
-BW--BBB----
BWWWWWW-----
--BWWWW-----
-W-B-W-W----
------------
------------
----------W-
B-----------
--WBBB------
-WWBBBB-----
-WWBWB------
-WW--BB--B--
WWW--BBB----
BWWWWWW-----
--BWWWW-----
-W-B-W-W----
------------
------------
----------W-
B-----------
--WBBB------
-WWBBBB-----
-WWBWB------
-WW--BB--B--
WWW--BBB----
BWWWWWW-----
--BWWWW-----
-W-B-W-W----
--B---------
------------
----------W-
B-----------
--WBBB------
-WWBBBB-----
-WWBWWW-----
-WW--BW--B--
WWW--BWB----
BWWWWWW-----
--BWWWW-----
-W-B-W-W----
--B---------
------------
----------W-
B-----------
--WBBB------
-WWBBBB-----
-WWBWWW-----
-WW--BW--B--
WWW--BWB----
BWWWWWW-----
-BBWWWW-----
-W-B-W-W----
--B---------
------------
----------W-
B-----------
--WBBB------
-WWBBBB-----
-WWBWWW-----
-WW--BW--B--
WWW--BWB----
BWWWWWW-----
-BWWWWW-----
-WWB-W-W----
--B---------
------------
----------W-
B-----------
